<?xml version="1.0" encoding="UTF-8"?>
<!-- Generated by org.testng.reporters.JUnitXMLReporter -->
<testsuite ignored="0" hostname="LAPTOP-U2UKQCU4" failures="0" tests="3" name="Test" time="7.043" errors="0" timestamp="2024-05-18T11:50:50 IST">
  <testcase classname="automationpandatest.WantToPracticeTestAutomationPageTest" name="testWantToPracticeTestAutomationPageTitle" time="0.19"/>
  <testcase classname="automationpandatest.WantToPracticeTestAutomationPageTest" name="testContactPage" time="1.484"/>
  <testcase classname="automationpandatest.ContactPageTest" name="testContactPage" time="5.305"/>
</testsuite> <!-- Test -->
