<?xml version="1.0" encoding="UTF-8"?>
<testng-results ignored="0" total="3" passed="3" failed="0" skipped="0">
  <reporter-output>
  </reporter-output>
  <suite started-at="2024-05-18T14:14:53 IST" name="Suite" finished-at="2024-05-18T14:15:00 IST" duration-ms="7149">
    <groups>
    </groups>
    <test started-at="2024-05-18T14:14:53 IST" name="Test" finished-at="2024-05-18T14:15:00 IST" duration-ms="7149">
      <class name="automationpandatest.ContactPageTest">
        <test-method signature="testContactPage()[pri:0, instance:automationpandatest.ContactPageTest@2b71e916]" started-at="2024-05-18T14:14:55 IST" name="testContactPage" finished-at="2024-05-18T14:15:00 IST" duration-ms="5595" status="PASS">
          <reporter-output>
          </reporter-output>
        </test-method> <!-- testContactPage -->
      </class> <!-- automationpandatest.ContactPageTest -->
      <class name="automationpandatest.WantToPracticeTestAutomationPageTest">
        <test-method is-config="true" signature="initializeDriver()[pri:0, instance:automationpandatest.WantToPracticeTestAutomationPageTest@74235045]" started-at="2024-05-18T14:14:46 IST" name="initializeDriver" finished-at="2024-05-18T14:14:53 IST" duration-ms="6741" status="PASS">
          <reporter-output>
          </reporter-output>
        </test-method> <!-- initializeDriver -->
        <test-method signature="testWantToPracticeTestAutomationPageTitle()[pri:0, instance:automationpandatest.WantToPracticeTestAutomationPageTest@74235045]" started-at="2024-05-18T14:14:53 IST" name="testWantToPracticeTestAutomationPageTitle" finished-at="2024-05-18T14:14:53 IST" duration-ms="71" status="PASS">
          <reporter-output>
          </reporter-output>
        </test-method> <!-- testWantToPracticeTestAutomationPageTitle -->
        <test-method signature="testContactPage()[pri:1, instance:automationpandatest.WantToPracticeTestAutomationPageTest@74235045]" started-at="2024-05-18T14:14:53 IST" name="testContactPage" finished-at="2024-05-18T14:14:55 IST" duration-ms="1426" status="PASS">
          <reporter-output>
          </reporter-output>
        </test-method> <!-- testContactPage -->
        <test-method is-config="true" signature="closeBrowser()[pri:0, instance:automationpandatest.WantToPracticeTestAutomationPageTest@74235045]" started-at="2024-05-18T14:15:00 IST" name="closeBrowser" finished-at="2024-05-18T14:15:01 IST" duration-ms="401" status="PASS">
          <reporter-output>
          </reporter-output>
        </test-method> <!-- closeBrowser -->
      </class> <!-- automationpandatest.WantToPracticeTestAutomationPageTest -->
    </test> <!-- Test -->
  </suite> <!-- Suite -->
</testng-results>
