<?xml version="1.0" encoding="UTF-8"?>
<!-- Generated by org.testng.reporters.JUnitXMLReporter -->
<testsuite ignored="2" hostname="LAPTOP-U2UKQCU4" failures="0" tests="3" name="Test" time="7.149" errors="0" timestamp="2024-05-18T14:15:00 IST">
  <testcase classname="automationpandatest.WantToPracticeTestAutomationPageTest" name="testWantToPracticeTestAutomationPageTitle" time="0.071"/>
  <testcase classname="automationpandatest.WantToPracticeTestAutomationPageTest" name="testContactPage" time="1.426"/>
  <testcase classname="automationpandatest.ContactPageTest" name="testContactPage" time="5.595"/>
  <testcase classname="automationpandatest.BasePageTest" name="@AfterSuite closeBrowser" time="0.0">
    <ignored/>
  </testcase> <!-- @AfterSuite closeBrowser -->
  <testcase classname="automationpandatest.BasePageTest" name="@BeforeSuite initializeDriver" time="0.0">
    <ignored/>
  </testcase> <!-- @BeforeSuite initializeDriver -->
</testsuite> <!-- Test -->
