<?xml version="1.0" encoding="UTF-8"?>
<testng-results ignored="0" total="3" passed="3" failed="0" skipped="0">
  <reporter-output>
  </reporter-output>
  <suite started-at="2024-05-18T01:01:55 IST" name="Suite" finished-at="2024-05-18T01:02:01 IST" duration-ms="6136">
    <groups>
    </groups>
    <test started-at="2024-05-18T01:01:55 IST" name="Test" finished-at="2024-05-18T01:02:01 IST" duration-ms="6136">
      <class name="flipkarttest.SearchResultPageTest">
        <test-method is-config="true" signature="initializeDriver()[pri:0, instance:flipkarttest.SearchResultPageTest@5fe94a96]" started-at="2024-05-18T01:01:48 IST" name="initializeDriver" finished-at="2024-05-18T01:01:55 IST" duration-ms="6353" status="PASS">
          <reporter-output>
          </reporter-output>
        </test-method> <!-- initializeDriver -->
        <test-method signature="testLogo()[pri:0, instance:flipkarttest.SearchResultPageTest@5fe94a96]" started-at="2024-05-18T01:01:55 IST" name="testLogo" finished-at="2024-05-18T01:01:55 IST" duration-ms="440" status="PASS">
          <reporter-output>
          </reporter-output>
        </test-method> <!-- testLogo -->
        <test-method signature="testSearch()[pri:1, instance:flipkarttest.SearchResultPageTest@5fe94a96]" started-at="2024-05-18T01:01:55 IST" name="testSearch" finished-at="2024-05-18T01:01:59 IST" duration-ms="3246" status="PASS">
          <reporter-output>
          </reporter-output>
        </test-method> <!-- testSearch -->
        <test-method signature="testSearchResult()[pri:2, instance:flipkarttest.SearchResultPageTest@5fe94a96]" started-at="2024-05-18T01:01:59 IST" name="testSearchResult" finished-at="2024-05-18T01:02:01 IST" duration-ms="2372" status="PASS">
          <reporter-output>
          </reporter-output>
        </test-method> <!-- testSearchResult -->
      </class> <!-- flipkarttest.SearchResultPageTest -->
    </test> <!-- Test -->
  </suite> <!-- Suite -->
</testng-results>
