<?xml version="1.0" encoding="UTF-8"?>
<!-- Generated by org.testng.reporters.JUnitXMLReporter -->
<testsuite ignored="0" hostname="LAPTOP-U2UKQCU4" failures="0" tests="3" name="Test" time="6.136" errors="0" timestamp="2024-05-18T01:02:01 IST">
  <testcase classname="flipkarttest.SearchResultPageTest" name="testLogo" time="0.44"/>
  <testcase classname="flipkarttest.SearchResultPageTest" name="testSearch" time="3.246"/>
  <testcase classname="flipkarttest.SearchResultPageTest" name="testSearchResult" time="2.372"/>
</testsuite> <!-- Test -->
